<?xml version="1.0" encoding="UTF-8"?>
<!-- Generated by org.testng.reporters.JUnitXMLReporter -->
<testsuite ignored="0" hostname="DESKTOP-QQ701O1" failures="0" tests="5" name="Default test" time="4.782" errors="0" timestamp="2024-10-04T13:34:02 BST">
  <testcase classname="assessment.StoreAPITests" name="testCreateOrder" time="2.456"/>
  <testcase classname="assessment.StoreAPITests" name="testGetOrderById" time="0.506"/>
  <testcase classname="assessment.StoreAPITests" name="testDeleteOrderById" time="0.475"/>
  <testcase classname="assessment.StoreAPITests" name="testGetInventory" time="0.467"/>
  <testcase classname="assessment.StoreAPITests" name="testGetDeletedOrder" time="0.454"/>
</testsuite> <!-- Default test -->
